<?xml version="1.0" encoding="UTF-8"?>
<!-- Generated by org.testng.reporters.JUnitReportReporter -->
<testsuite skipped="0" hostname="DESKTOP-LUCM8QV" name="flipkart.flipkart.com.testscript.TestScript" tests="2" failures="0" timestamp="23 Sep 2018 18:22:40 GMT" time="14.463" errors="0">
  <testcase name="testcase2" time="3.836" classname="flipkart.flipkart.com.testscript.TestScript"/>
  <testcase name="testcase1" time="10.627" classname="flipkart.flipkart.com.testscript.TestScript"/>
</testsuite> <!-- flipkart.flipkart.com.testscript.TestScript -->
